\BOOKMARK [0][]{chapter.1}{\376\377\000\332\000v\000o\000d}{}% 1
\BOOKMARK [1][]{section.1.1}{\376\377\000M\000o\000t\000i\000v\000a\000c\000e}{chapter.1}% 2
\BOOKMARK [1][]{section.1.2}{\376\377\000C\000\355\000l\000\040\000p\000r\000\341\000c\000e}{chapter.1}% 3
\BOOKMARK [0][]{chapter.2}{\376\377\000S\000p\000e\000c\000i\000f\000i\000k\000a\000c\000e\000\040\000p\000o\001\176\000a\000d\000a\000v\000k\001\157}{}% 4
\BOOKMARK [1][]{section.2.1}{\376\377\000O\000r\000g\000a\000n\000i\000z\000a\000c\000e\000\040\000p\001\131\000e\000d\000m\001\033\000t\001\157\000\040\000T\000S\000P}{chapter.2}% 5
\BOOKMARK [1][]{section.2.2}{\376\377\000U\001\176\000i\000v\000a\000t\000e\000l\000\351}{chapter.2}% 6
\BOOKMARK [2][]{subsection.2.2.1}{\376\377\000N\000e\000p\001\131\000i\000h\000l\000\341\001\141\000e\000n\000\375\000\040\000u\001\176\000i\000v\000a\000t\000e\000l}{section.2.2}% 7
\BOOKMARK [2][]{subsection.2.2.2}{\376\377\000V\000e\000d\000o\000u\000c\000\355\000\040\000t\000\375\000m\000u}{section.2.2}% 8
\BOOKMARK [2][]{subsection.2.2.3}{\376\377\000M\000e\000n\000t\000o\000r}{section.2.2}% 9
\BOOKMARK [2][]{subsection.2.2.4}{\376\377\000G\000a\000r\000a\000n\000t}{section.2.2}% 10
\BOOKMARK [0][]{chapter.3}{\376\377\000D\000o\000s\000t\000u\000p\000n\000\351\000\040\000t\000e\000c\000h\000n\000o\000l\000o\000g\000i\000e}{}% 11
\BOOKMARK [1][]{section.3.1}{\376\377\000P\000H\000P}{chapter.3}% 12
\BOOKMARK [1][]{section.3.2}{\376\377\000P\000H\000P\000\040\000f\000r\000a\000m\000e\000w\000o\000r\000k\000y}{chapter.3}% 13
\BOOKMARK [2][]{subsection.3.2.1}{\376\377\000L\000a\000r\000a\000v\000e\000l}{section.3.2}% 14
\BOOKMARK [2][]{subsection.3.2.2}{\376\377\000S\000y\000m\000f\000o\000n\000y}{section.3.2}% 15
\BOOKMARK [2][]{subsection.3.2.3}{\376\377\000N\000e\000t\000t\000e}{section.3.2}% 16
\BOOKMARK [1][]{section.3.3}{\376\377\000F\000r\000o\000n\000t\000-\000e\000n\000d}{chapter.3}% 17
\BOOKMARK [2][]{subsection.3.3.1}{\376\377\000H\000T\000M\000L\000\040\000a\000\040\000C\000S\000S}{section.3.3}% 18
\BOOKMARK [2][]{subsection.3.3.2}{\376\377\000B\000o\000o\000t\000s\000t\000r\000a\000p}{section.3.3}% 19
\BOOKMARK [2][]{subsection.3.3.3}{\376\377\000A\000d\000m\000i\000n\000L\000T\000E}{section.3.3}% 20
\BOOKMARK [1][]{section.3.4}{\376\377\000D\000a\000t\000a\000b\000\341\000z\000e\000\040\000M\000a\000r\000i\000a\000D\000B}{chapter.3}% 21
\BOOKMARK [1][]{section.3.5}{\376\377\000N\000\341\000s\000t\000r\000o\000j\000e\000\040\000p\000r\000o\000\040\001\131\000\355\000z\000e\000n\000\355\000\040\000p\000r\000o\000j\000e\000k\000t\000u}{chapter.3}% 22
\BOOKMARK [2][]{subsection.3.5.1}{\376\377\000V\000e\000r\000z\000o\000v\000a\000c\000\355\000\040\000s\000y\000s\000t\000\351\000m}{section.3.5}% 23
\BOOKMARK [2][]{subsection.3.5.2}{\376\377\000P\000l\000\341\000n\000o\000v\000\341\000n\000\355\000\040\000\372\000k\000o\000l\001\157}{section.3.5}% 24
\BOOKMARK [2][]{subsection.3.5.3}{\376\377\000I\000s\000s\000u\000e\000s}{section.3.5}% 25
\BOOKMARK [2][]{subsection.3.5.4}{\376\377\000K\000a\000n\000b\000a\000n}{section.3.5}% 26
\BOOKMARK [2][]{subsection.3.5.5}{\376\377\000M\000a\000n\000t\000i\000s\000B\000T}{section.3.5}% 27
\BOOKMARK [0][]{chapter.4}{\376\377\000N\000\341\000v\000r\000h\000\040\000a\000p\000l\000i\000k\000a\000c\000e}{}% 28
\BOOKMARK [1][]{section.4.1}{\376\377\000D\000e\000k\000o\000m\000p\000o\000z\000i\000c\000e\000\040\000s\000p\000e\000c\000i\000f\000i\000k\000a\000c\000e}{chapter.4}% 29
\BOOKMARK [2][]{subsection.4.1.1}{\376\377\000Z\000a\000d\000\341\000n\000\355}{section.4.1}% 30
\BOOKMARK [2][]{subsection.4.1.2}{\376\377\000T\000\375\000m}{section.4.1}% 31
\BOOKMARK [2][]{subsection.4.1.3}{\376\377\000P\000r\000o\000j\000e\000k\000t}{section.4.1}% 32
\BOOKMARK [1][]{section.4.2}{\376\377\000P\001\131\000\355\000p\000a\000d\000y\000\040\000u\001\176\000i\000t\000\355}{chapter.4}% 33
\BOOKMARK [2][]{subsection.4.2.1}{\376\377\000N\000e\000p\001\131\000i\000h\000l\000\341\001\141\000e\000n\000\375\000\040\000u\001\176\000i\000v\000a\000t\000e\000l}{section.4.2}% 34
\BOOKMARK [2][]{subsection.4.2.2}{\376\377\000P\001\131\000i\000h\000l\000\341\001\141\000e\000n\000\375\000\040\000u\001\176\000i\000v\000a\000t\000e\000l}{section.4.2}% 35
\BOOKMARK [2][]{subsection.4.2.3}{\376\377\000V\000e\000d\000o\000u\000c\000\355\000\040\000t\000\375\000m\000u}{section.4.2}% 36
\BOOKMARK [2][]{subsection.4.2.4}{\376\377\000M\000e\000n\000t\000o\000r}{section.4.2}% 37
\BOOKMARK [2][]{subsection.4.2.5}{\376\377\000G\000a\000r\000a\000n\000t}{section.4.2}% 38
\BOOKMARK [1][]{section.4.3}{\376\377\000A\000r\000c\000h\000i\000t\000e\000k\000t\000u\000r\000a\000\040\000a\000p\000l\000i\000k\000a\000c\000e}{chapter.4}% 39
\BOOKMARK [2][]{subsection.4.3.1}{\376\377\000T\001\131\000\355\000v\000r\000s\000t\000v\000\341\000\040\000a\000r\000c\000h\000i\000t\000e\000k\000t\000u\000r\000a}{section.4.3}% 40
\BOOKMARK [2][]{subsection.4.3.2}{\376\377\000K\000o\000m\000p\000o\000n\000e\000n\000t\000y\000\040\000a\000p\000l\000i\000k\000a\000c\000e\000\040\000v\000\040\000N\000e\000t\000t\000e}{section.4.3}% 41
\BOOKMARK [2][]{subsection.4.3.3}{\376\377\000D\000e\000p\000e\000n\000d\000e\000n\000c\000y\000\040\000I\000n\000j\000e\000c\000t\000i\000o\000n\000\040\000v\000\040\000N\000e\000t\000t\000e}{section.4.3}% 42
\BOOKMARK [2][]{subsection.4.3.4}{\376\377\000F\000o\000r\000m\000u\000l\000\341\001\131\000e\000\040\000v\000\040\000N\000e\000t\000t\000e}{section.4.3}% 43
\BOOKMARK [2][]{subsection.4.3.5}{\376\377\000D\000a\000t\000a\000b\000a\000s\000e\000\040\000E\000x\000p\000l\000o\000r\000e\000r}{section.4.3}% 44
\BOOKMARK [2][]{subsection.4.3.6}{\376\377\000T\000e\000s\000t\000o\000v\000a\000t\000e\000l\000n\000o\000s\000t\000\040\000a\000p\000l\000i\000k\000a\000c\000e}{section.4.3}% 45
\BOOKMARK [2][]{subsection.4.3.7}{\376\377\000R\000e\000s\000p\000o\000n\000z\000i\000v\000i\000t\000a}{section.4.3}% 46
\BOOKMARK [1][]{section.4.4}{\376\377\000D\000a\000t\000a\000b\000\341\000z\000o\000v\000\341\000\040\000s\000t\000r\000u\000k\000t\000u\000r\000a}{chapter.4}% 47
\BOOKMARK [2][]{subsection.4.4.1}{\376\377\000Z\000\341\000k\000l\000a\000d\000n\000\355\000\040\000t\000a\000b\000u\000l\000k\000y}{section.4.4}% 48
\BOOKMARK [2][]{subsection.4.4.2}{\376\377\001\014\000\355\000s\000e\000l\000n\000\355\000k\000o\000v\000\351\000\040\000t\000a\000b\000u\000l\000k\000y}{section.4.4}% 49
\BOOKMARK [2][]{subsection.4.4.3}{\376\377\000S\000p\000o\000j\000o\000v\000a\000c\000\355\000\040\000t\000a\000b\000u\000l\000k\000y}{section.4.4}% 50
\BOOKMARK [2][]{subsection.4.4.4}{\376\377\000D\000a\000l\001\141\000\355\000\040\000t\000a\000b\000u\000l\000k\000y}{section.4.4}% 51
\BOOKMARK [1][]{section.4.5}{\376\377\000U\001\176\000i\000v\000a\000t\000e\000l\000s\000k\000\351\000\040\000r\000o\000z\000h\000r\000a\000n\000\355}{chapter.4}% 52
\BOOKMARK [1][]{section.4.6}{\376\377\000N\000\341\000v\000r\000h\000\040\000l\000o\000g\000a}{chapter.4}% 53
\BOOKMARK [0][]{chapter.5}{\376\377\000R\000e\000a\000l\000i\000z\000a\000c\000e}{}% 54
\BOOKMARK [1][]{section.5.1}{\376\377\000A\000d\000r\000e\000s\000\341\001\131\000o\000v\000\341\000\040\000s\000t\000r\000u\000k\000t\000u\000r\000a}{chapter.5}% 55
\BOOKMARK [1][]{section.5.2}{\376\377\000K\000o\000n\000f\000i\000g\000u\000r\000a\000c\000e\000\040\000a\000p\000l\000i\000k\000a\000c\000e}{chapter.5}% 56
\BOOKMARK [2][]{subsection.5.2.1}{\376\377\000K\000o\000n\000f\000i\000g\000u\000r\000a\000c\000e\000\040\000d\000a\000t\000a\000b\000\341\000z\000o\000v\000\351\000h\000o\000\040\000s\000p\000o\000j\000e\000n\000\355}{section.5.2}% 57
\BOOKMARK [2][]{subsection.5.2.2}{\376\377\000V\000l\000a\000s\000t\000n\000\355\000\040\000n\000a\000s\000t\000a\000v\000e\000n\000\355\000\040\000a\000p\000l\000i\000k\000a\000c\000e}{section.5.2}% 58
\BOOKMARK [1][]{section.5.3}{\376\377\000V\000y\000l\000e\000p\001\141\000o\000v\000\341\000n\000\355\000\040\000a\000p\000l\000i\000k\000a\000c\000e}{chapter.5}% 59
\BOOKMARK [2][]{subsection.5.3.1}{\376\377\000O\000p\000r\000a\000v\000a\000\040\000n\000a\000l\000e\000z\000e\000n\000\375\000c\000h\000\040\000d\000e\000f\000e\000k\000t\001\157}{section.5.3}% 60
\BOOKMARK [2][]{subsection.5.3.2}{\376\377\000\332\000p\000r\000a\000v\000y\000\040\000d\000l\000e\000\040\000a\000k\000t\000u\000a\000l\000i\000z\000o\000v\000\341\000n\000\355\000\040\000s\000p\000e\000c\000i\000f\000i\000k\000a\000c\000e}{section.5.3}% 61
\BOOKMARK [2][]{subsection.5.3.3}{\376\377\000P\001\131\000i\000p\000o\000m\000\355\000n\000k\000y\000\040\000b\000u\000d\000o\000u\000c\000\355\000c\000h\000\040\000u\001\176\000i\000v\000a\000t\000e\000l\001\157}{section.5.3}% 62
\BOOKMARK [1][]{section.5.4}{\376\377\000P\000o\001\176\000a\000d\000a\000v\000k\000y\000\040\000n\000a\000\040\000z\000a\000v\000e\000d\000e\000n\000\355\000\040\000a\000p\000l\000i\000k\000a\000c\000e}{chapter.5}% 63
\BOOKMARK [0][]{chapter.6}{\376\377\000T\000e\000s\000t\000o\000v\000\341\000n\000\355}{}% 64
\BOOKMARK [0][]{chapter.7}{\376\377\000Z\000\341\000v\001\033\000r}{}% 65
\BOOKMARK [0][]{chapter*.35}{\376\377\000L\000i\000t\000e\000r\000a\000t\000u\000r\000a}{}% 66
